start: s
accept: ac
reject: rj
blank: _
s 1 -> s 1 >
s 0 -> s 0 >
s + -> s + >
s A -> s A >
s B -> s B >
s2 1 -> s2 1 >
s2 0 -> s2 0 >
s2 + -> s2 + >
s2 A -> s2 A >
s2 B -> s2 B >
s _ -> s4 _ <
s2 _ -> s3 _ <
s3 1 -> s5 _ <
s3 0 -> s6 _ <
s3 + -> s11 _ <
s4 1 -> s6 _ <
s4 0 -> s7 _ <
s4 + -> s12 _ <
s12 A -> s12 0 <
s12 B -> s12 1 <
s12 1 -> s12 1 <
s12 0 -> s12 0 <
s12 _ -> ac _ >
s5 1 -> s5 1 <
s5 0 -> s5 0 <
s5 + -> s8 + <
s6 1 -> s6 1 <
s6 0 -> s6 0 <
s6 + -> s9 + <
s7 1 -> s7 1 <
s7 0 -> s7 0 <
s7 + -> s10 + <
s8 1 -> s2 B >
s8 0 -> s2 A >
s8 _ -> s2 A >
s8 A -> s8 A <
s8 B -> s8 B <
s9 1 -> s2 A >
s9 0 -> s B >
s9 _ -> s B >
s9 A -> s9 A <
s9 B -> s9 B <
s10 1 -> s B >
s10 0 -> s A >
s10 _ -> s A >
s10 A -> s10 A <
s10 B -> s10 B <
s11 A -> s11 0 <
s11 B -> s11 1 <
s11 _ -> ac 1 ^
s11 0 -> s12 1 <
s11 1 -> s11 0 <
