start: m
accept: ac
reject: rj
blank: _
m 1 -> m2 1 <
m 0 -> m2 0 <
m2 _ -> m3 + <
m3 _ -> m4 0 >
m4 1 -> m4 1 >
m4 0 -> m4 0 >
m4 * -> m4 * >
m4 + -> m4 + >
m4 A -> m4 A >
m4 B -> m4 B >
m4 C -> m4 C >
m4 D -> m4 D >
m4 X -> m4 0 >
m4 Y -> m4 1 >
m4 _ -> m5 _ <
m5 * -> v _ <
m5 1 -> m6 _ <
m5 0 -> m7 _ <

m6 1 -> m6 1 <
m6 0 -> m6 0 <
m6 * -> m6 * <
m6 + -> m6 + <
m6 A -> m6 A <
m6 B -> m6 B <
m6 C -> m6 C <
m6 D -> m6 D <
m6 X -> m6 X <
m6 Y -> m6 Y <
m6 _ -> s1 _ >

m7 1 -> m7 1 <
m7 0 -> m7 0 <
m7 * -> m7 * <
m7 + -> m7 + <
m7 A -> m7 A <
m7 B -> m7 B <
m7 C -> m7 C <
m7 D -> m7 D <
m7 X -> m7 X <
m7 Y -> m7 Y <
m7 _ -> q _ >
q C -> q1 C <
q D -> q1 D <
q 0 -> q 0 >
q 1 -> q 1 >
q + -> q1 + <
q1 0 -> m4 C >
q1 1 -> m4 D >
q1 _ -> m4 C >

v 1 -> v _ <
v 0 -> v _ <
v + -> v1 _ <
v1 C -> v1 0 <
v1 D -> v1 1 <
v1 1 -> v1 1 <
v1 0 -> v1 0 <
v1 _ -> v2 _ >
v2 0 -> v2 _ >
v2 1 -> ac 1 ^
v2 _ -> ac 0 ^

s1 1 -> s1 1 >
s1 0 -> s1 0 >
s1 + -> s1 + >
s1 A -> s1 A >
s1 B -> s1 B >
s1 C -> s1 C >
s1 D -> s1 D >
s2 1 -> s2 1 >
s2 0 -> s2 0 >
s2 + -> s2 + >
s2 A -> s2 A >
s2 B -> s2 B >
s2 C -> s2 C >
s2 D -> s2 D >
s1 * -> s4 * <
s2 * -> s3 * <
s1 X -> s4 X <
s2 X -> s3 X <
s1 Y -> s4 Y <
s2 Y -> s3 Y <
s3 1 -> s5 Y <
s3 0 -> s6 X <
s3 + -> s11 + <
s4 1 -> s6 Y <
s4 0 -> s7 X <
s4 + -> s12 + <
s12 A -> s12 0 <
s12 B -> s12 1 <
s12 1 -> s12 1 <
s12 0 -> s12 0 <
s12 C -> s12 C <
s12 D -> s12 D <
s5 1 -> s5 1 <
s5 0 -> s5 0 <
s5 + -> s8 + <
s6 1 -> s6 1 <
s6 0 -> s6 0 <
s6 + -> s9 + <
s7 1 -> s7 1 <
s7 0 -> s7 0 <
s7 + -> s10 + <
s8 1 -> s2 B >
s8 0 -> s2 A >
s8 _ -> s2 A >
s8 A -> s8 A <
s8 B -> s8 B <
s8 C -> s8 C <
s8 D -> s8 D <
s9 1 -> s2 A >
s9 0 -> s1 B >
s9 _ -> s1 B >
s9 A -> s9 A <
s9 B -> s9 B <
s9 C -> s9 C <
s9 D -> s9 D <
s10 1 -> s1 B >
s10 0 -> s1 A >
s10 _ -> s1 A >
s10 A -> s10 A <
s10 B -> s10 B <
s10 C -> s10 C <
s10 D -> s10 D <
s11 A -> s11 0 <
s11 B -> s11 1 <
s11 C -> s11 C <
s11 D -> s11 D <
s11 0 -> s12 1 <
s11 1 -> s11 0 <
s11 _ -> q 1 ^
s12 _ -> q _ >
