1
S A -> S A >
S a -> S a >
S o -> S o >
S 1 -> a 1 >
S 0 -> b 0 >
a A -> a A >
b A -> b A >
a _ -> k _ <
b _ -> k _ <
a 1 -> c 1 >
a 0 -> d0 0 >
b 1 -> d1 1 >
b 0 -> e 0 >
c A -> c A >
d0 A -> d0 A >
d1 A -> d1 A >
e A -> e A >
c 1 -> c 1 >
c 0 -> d0 0 >
d0 1 -> d1 1 >
d0 0 -> e 0 >
d1 1 -> c 1 >
d1 0 -> d0 0 >
e 1 -> d1 1 >
e 0 -> e 0 > 
c o -> f 1 <
c a -> f 1 <
d0 o -> f 1 <
d0 a -> f 0 <
d1 o -> f 1 <
d1 a -> f 0 <
e o -> f 0 <
e a -> f 0 <
f A -> f A <
f 1 -> h A <
f 0 -> h A <
h A -> h A <
h 1 -> j A <
h 0 -> j A <
j A -> j A <
j 1 -> j 1 <
j 0 -> j 0 <
j o -> j o <
j a -> j a <
j _ -> S _ >
k A -> k _ <
k 0 -> l 0 <
k 1 -> l 1 <
l A -> l A <
l _ -> m _ >
m A -> m _ >
m 0 -> AC 0 ^
m 1 -> AC 1 ^
